
--------------------------------------------------------------------------------
CPU name:	Intel(R) Core(TM) i5-7500 CPU @ 3.40GHz
CPU type:	Intel Coffeelake processor
CPU clock:	3.41 GHz
--------------------------------------------------------------------------------
EG clássico:
0.00474300 ms
1.311005 2.244019 1.665072 3.416268 
0.000000000000 0.000000000000 -0.000000000000 0.000000000000 
GS classico [ 8 iterações ]:
0.00158600 ms
1.310996 2.244013 1.665069 3.416267 
0.000030988362 0.000012535194 0.000003133799 0.000000000000 
EG tridiagonal:
0.00040400 ms
1.311005 2.244019 1.665072 3.416268 
0.000000000000 0.750000000000 1.800000000000 0.750000000000 
GS tridiagonal [ 8 iterações ]:
0.00129100 ms
1.310996 2.244013 1.665069 3.416267 
0.000030988362 0.000012535194 0.000003133799 0.000000000000 
/**/--------------------------------------------------------------------------------
Region EG_TRADICIONAL, Group 1: FLOPS_DP
+-------------------+----------+
|    Region Info    |  Core 0  |
+-------------------+----------+
| RDTSC Runtime [s] | 0.000006 |
|     call count    |        1 |
+-------------------+----------+

+------------------------------------------+---------+--------+
|                   Event                  | Counter | Core 0 |
+------------------------------------------+---------+--------+
|             INSTR_RETIRED_ANY            |  FIXC0  |   9001 |
|           CPU_CLK_UNHALTED_CORE          |  FIXC1  |  23681 |
|           CPU_CLK_UNHALTED_REF           |  FIXC2  |  21868 |
| FP_ARITH_INST_RETIRED_128B_PACKED_DOUBLE |   PMC0  |      0 |
|    FP_ARITH_INST_RETIRED_SCALAR_DOUBLE   |   PMC1  |     62 |
| FP_ARITH_INST_RETIRED_256B_PACKED_DOUBLE |   PMC2  |      0 |
+------------------------------------------+---------+--------+

+----------------------+--------------+
|        Metric        |    Core 0    |
+----------------------+--------------+
|  Runtime (RDTSC) [s] | 5.947901e-06 |
| Runtime unhalted [s] | 6.949207e-06 |
|      Clock [MHz]     |    3690.2499 |
|          CPI         |       2.6309 |
|      DP MFLOP/s      |      10.4238 |
|    AVX DP MFLOP/s    |            0 |
|    Packed MUOPS/s    |            0 |
|    Scalar MUOPS/s    |      10.4238 |
|  Vectorization ratio |            0 |
+----------------------+--------------+

Region GS_ITERATIVO, Group 1: FLOPS_DP
+-------------------+----------+
|    Region Info    |  Core 0  |
+-------------------+----------+
| RDTSC Runtime [s] | 0.000002 |
|     call count    |        1 |
+-------------------+----------+

+------------------------------------------+---------+--------+
|                   Event                  | Counter | Core 0 |
+------------------------------------------+---------+--------+
|             INSTR_RETIRED_ANY            |  FIXC0  |  12490 |
|           CPU_CLK_UNHALTED_CORE          |  FIXC1  |  14904 |
|           CPU_CLK_UNHALTED_REF           |  FIXC2  |  13774 |
| FP_ARITH_INST_RETIRED_128B_PACKED_DOUBLE |   PMC0  |      0 |
|    FP_ARITH_INST_RETIRED_SCALAR_DOUBLE   |   PMC1  |    337 |
| FP_ARITH_INST_RETIRED_256B_PACKED_DOUBLE |   PMC2  |      0 |
+------------------------------------------+---------+--------+

+----------------------+--------------+
|        Metric        |    Core 0    |
+----------------------+--------------+
|  Runtime (RDTSC) [s] | 1.755907e-06 |
| Runtime unhalted [s] | 4.373590e-06 |
|      Clock [MHz]     |    3687.2923 |
|          CPI         |       1.1933 |
|      DP MFLOP/s      |     191.9236 |
|    AVX DP MFLOP/s    |            0 |
|    Packed MUOPS/s    |            0 |
|    Scalar MUOPS/s    |     191.9236 |
|  Vectorization ratio |            0 |
+----------------------+--------------+

Region EG_TRIDIAGONAL, Group 1: FLOPS_DP
+-------------------+----------+
|    Region Info    |  Core 0  |
+-------------------+----------+
| RDTSC Runtime [s] | 0.000001 |
|     call count    |        1 |
+-------------------+----------+

+------------------------------------------+---------+--------+
|                   Event                  | Counter | Core 0 |
+------------------------------------------+---------+--------+
|             INSTR_RETIRED_ANY            |  FIXC0  |   4856 |
|           CPU_CLK_UNHALTED_CORE          |  FIXC1  |  11207 |
|           CPU_CLK_UNHALTED_REF           |  FIXC2  |  10650 |
| FP_ARITH_INST_RETIRED_128B_PACKED_DOUBLE |   PMC0  |      0 |
|    FP_ARITH_INST_RETIRED_SCALAR_DOUBLE   |   PMC1  |     41 |
| FP_ARITH_INST_RETIRED_256B_PACKED_DOUBLE |   PMC2  |      0 |
+------------------------------------------+---------+--------+

+----------------------+--------------+
|        Metric        |    Core 0    |
+----------------------+--------------+
|  Runtime (RDTSC) [s] | 5.604583e-07 |
| Runtime unhalted [s] | 3.288702e-06 |
|      Clock [MHz]     |    3585.9528 |
|          CPI         |       2.3079 |
|      DP MFLOP/s      |      73.1544 |
|    AVX DP MFLOP/s    |            0 |
|    Packed MUOPS/s    |            0 |
|    Scalar MUOPS/s    |      73.1544 |
|  Vectorization ratio |            0 |
+----------------------+--------------+

Region GS_TRIDIAGONAL, Group 1: FLOPS_DP
+-------------------+----------+
|    Region Info    |  Core 0  |
+-------------------+----------+
| RDTSC Runtime [s] | 0.000001 |
|     call count    |        1 |
+-------------------+----------+

+------------------------------------------+---------+--------+
|                   Event                  | Counter | Core 0 |
+------------------------------------------+---------+--------+
|             INSTR_RETIRED_ANY            |  FIXC0  |   8888 |
|           CPU_CLK_UNHALTED_CORE          |  FIXC1  |  13913 |
|           CPU_CLK_UNHALTED_REF           |  FIXC2  |  13348 |
| FP_ARITH_INST_RETIRED_128B_PACKED_DOUBLE |   PMC0  |      0 |
|    FP_ARITH_INST_RETIRED_SCALAR_DOUBLE   |   PMC1  |    209 |
| FP_ARITH_INST_RETIRED_256B_PACKED_DOUBLE |   PMC2  |      0 |
+------------------------------------------+---------+--------+

+----------------------+--------------+
|        Metric        |    Core 0    |
+----------------------+--------------+
|  Runtime (RDTSC) [s] | 1.453670e-06 |
| Runtime unhalted [s] | 4.082780e-06 |
|      Clock [MHz]     |    3551.9709 |
|          CPI         |       1.5654 |
|      DP MFLOP/s      |     143.7740 |
|    AVX DP MFLOP/s    |            0 |
|    Packed MUOPS/s    |            0 |
|    Scalar MUOPS/s    |     143.7740 |
|  Vectorization ratio |            0 |
+----------------------+--------------+

